07:43:37 INFO  : Launching XSCT server: xsct.bat -n  -interactive C:\Users\JelleKomen\Documents\software\temp_xsdb_launch_script.tcl
07:43:37 INFO  : Registering command handlers for Vitis TCF services
07:43:37 INFO  : Platform repository initialization has completed.
07:43:39 INFO  : XSCT server has started successfully.
07:43:40 INFO  : Successfully done setting XSCT server connection channel  
07:43:40 INFO  : plnx-install-location is set to ''
07:43:40 INFO  : Successfully done query RDI_DATADIR 
07:43:40 INFO  : Successfully done setting workspace for the tool. 
07:44:44 INFO  : Result from executing command 'getProjects': pid_force_clamp
07:44:44 INFO  : Result from executing command 'getPlatforms': 
07:44:44 WARN  : An unexpected exception occurred in the module 'platform project logging'
07:44:44 INFO  : Platform 'pid_force_clamp' is added to custom repositories.
07:44:47 ERROR : 
org.eclipse.core.runtime.CoreException: CDT Project already configured
	at org.eclipse.cdt.internal.core.settings.model.ExceptionFactory.createCoreException(ExceptionFactory.java:26)
	at org.eclipse.cdt.core.CCorePlugin.mapCProjectOwner(CCorePlugin.java:890)
	at org.eclipse.cdt.core.CCorePlugin$1.run(CCorePlugin.java:945)
	at org.eclipse.core.internal.resources.Workspace.run(Workspace.java:2292)
	at org.eclipse.cdt.core.CCorePlugin.createCProject(CCorePlugin.java:930)
	at com.xilinx.sdx.sdk.core.gen.AppCreationHandler.createCProject(AppCreationHandler.java:92)
	at com.xilinx.sdx.sdk.core.gen.StandaloneProjectHandler.createCoreApp(StandaloneProjectHandler.java:67)
	at com.xilinx.sdx.sdk.core.gen.AppCreationHandler.createApplication(AppCreationHandler.java:79)
	at com.xilinx.sdx.sdk.core.gen.AppCreationHandler.execute(AppCreationHandler.java:69)
	at com.xilinx.sdx.sdk.core.SdkAppCreationHandler.executeInternal(SdkAppCreationHandler.java:75)
	at com.xilinx.sdx.sdk.core.SdkAppCreationHandler.lambda$1(SdkAppCreationHandler.java:67)
	at org.eclipse.core.internal.resources.Workspace.run(Workspace.java:2292)
	at org.eclipse.core.internal.resources.Workspace.run(Workspace.java:2312)
	at com.xilinx.sdx.sdk.core.SdkAppCreationHandler.execute(SdkAppCreationHandler.java:66)
	at com.xilinx.sdx.npw.NewProjectCreationHandler.createApplicationProject(NewProjectCreationHandler.java:237)
	at com.xilinx.sdx.npw.NewProjectCreationHandler.internalExecute(NewProjectCreationHandler.java:382)
	at com.xilinx.sdx.npw.NewProjectCreationHandler$1.execute(NewProjectCreationHandler.java:100)
	at org.eclipse.ui.actions.WorkspaceModifyOperation.lambda$0(WorkspaceModifyOperation.java:110)
	at org.eclipse.core.internal.resources.Workspace.run(Workspace.java:2292)
	at org.eclipse.core.internal.resources.Workspace.run(Workspace.java:2317)
	at org.eclipse.ui.actions.WorkspaceModifyOperation.run(WorkspaceModifyOperation.java:131)
	at org.eclipse.jface.operation.ModalContext$ModalContextThread.run(ModalContext.java:122)
Caused by: org.eclipse.core.runtime.CoreException: CDT Project already configured
	at org.eclipse.cdt.internal.core.CConfigBasedDescriptorManager.configure(CConfigBasedDescriptorManager.java:160)
	at org.eclipse.cdt.core.CCorePlugin.mapCProjectOwner(CCorePlugin.java:885)
	... 20 more
07:44:47 ERROR : Failed to create application project
org.eclipse.core.runtime.CoreException: CDT Project already configured
	at com.xilinx.sdx.sdk.core.gen.StandaloneProjectHandler.createCoreApp(StandaloneProjectHandler.java:150)
	at com.xilinx.sdx.sdk.core.gen.AppCreationHandler.createApplication(AppCreationHandler.java:79)
	at com.xilinx.sdx.sdk.core.gen.AppCreationHandler.execute(AppCreationHandler.java:69)
	at com.xilinx.sdx.sdk.core.SdkAppCreationHandler.executeInternal(SdkAppCreationHandler.java:75)
	at com.xilinx.sdx.sdk.core.SdkAppCreationHandler.lambda$1(SdkAppCreationHandler.java:67)
	at org.eclipse.core.internal.resources.Workspace.run(Workspace.java:2292)
	at org.eclipse.core.internal.resources.Workspace.run(Workspace.java:2312)
	at com.xilinx.sdx.sdk.core.SdkAppCreationHandler.execute(SdkAppCreationHandler.java:66)
	at com.xilinx.sdx.npw.NewProjectCreationHandler.createApplicationProject(NewProjectCreationHandler.java:237)
	at com.xilinx.sdx.npw.NewProjectCreationHandler.internalExecute(NewProjectCreationHandler.java:382)
	at com.xilinx.sdx.npw.NewProjectCreationHandler$1.execute(NewProjectCreationHandler.java:100)
	at org.eclipse.ui.actions.WorkspaceModifyOperation.lambda$0(WorkspaceModifyOperation.java:110)
	at org.eclipse.core.internal.resources.Workspace.run(Workspace.java:2292)
	at org.eclipse.core.internal.resources.Workspace.run(Workspace.java:2317)
	at org.eclipse.ui.actions.WorkspaceModifyOperation.run(WorkspaceModifyOperation.java:131)
	at org.eclipse.jface.operation.ModalContext$ModalContextThread.run(ModalContext.java:122)
07:45:48 INFO  : Result from executing command 'getProjects': pid_force_clamp
07:45:48 INFO  : Result from executing command 'getPlatforms': 
07:45:48 INFO  : Platform 'pid_force_clamp' is added to custom repositories.
07:45:48 ERROR : 
org.eclipse.core.runtime.CoreException: CDT Project already configured
	at org.eclipse.cdt.internal.core.settings.model.ExceptionFactory.createCoreException(ExceptionFactory.java:26)
	at org.eclipse.cdt.core.CCorePlugin.mapCProjectOwner(CCorePlugin.java:890)
	at org.eclipse.cdt.core.CCorePlugin$1.run(CCorePlugin.java:945)
	at org.eclipse.core.internal.resources.Workspace.run(Workspace.java:2292)
	at org.eclipse.cdt.core.CCorePlugin.createCProject(CCorePlugin.java:930)
	at com.xilinx.sdx.sdk.core.gen.AppCreationHandler.createCProject(AppCreationHandler.java:92)
	at com.xilinx.sdx.sdk.core.gen.StandaloneProjectHandler.createCoreApp(StandaloneProjectHandler.java:67)
	at com.xilinx.sdx.sdk.core.gen.AppCreationHandler.createApplication(AppCreationHandler.java:79)
	at com.xilinx.sdx.sdk.core.gen.AppCreationHandler.execute(AppCreationHandler.java:69)
	at com.xilinx.sdx.sdk.core.SdkAppCreationHandler.executeInternal(SdkAppCreationHandler.java:75)
	at com.xilinx.sdx.sdk.core.SdkAppCreationHandler.lambda$1(SdkAppCreationHandler.java:67)
	at org.eclipse.core.internal.resources.Workspace.run(Workspace.java:2292)
	at org.eclipse.core.internal.resources.Workspace.run(Workspace.java:2312)
	at com.xilinx.sdx.sdk.core.SdkAppCreationHandler.execute(SdkAppCreationHandler.java:66)
	at com.xilinx.sdx.npw.NewProjectCreationHandler.createApplicationProject(NewProjectCreationHandler.java:237)
	at com.xilinx.sdx.npw.NewProjectCreationHandler.internalExecute(NewProjectCreationHandler.java:382)
	at com.xilinx.sdx.npw.NewProjectCreationHandler$1.execute(NewProjectCreationHandler.java:100)
	at org.eclipse.ui.actions.WorkspaceModifyOperation.lambda$0(WorkspaceModifyOperation.java:110)
	at org.eclipse.core.internal.resources.Workspace.run(Workspace.java:2292)
	at org.eclipse.core.internal.resources.Workspace.run(Workspace.java:2317)
	at org.eclipse.ui.actions.WorkspaceModifyOperation.run(WorkspaceModifyOperation.java:131)
	at org.eclipse.jface.operation.ModalContext$ModalContextThread.run(ModalContext.java:122)
Caused by: org.eclipse.core.runtime.CoreException: CDT Project already configured
	at org.eclipse.cdt.internal.core.CConfigBasedDescriptorManager.configure(CConfigBasedDescriptorManager.java:160)
	at org.eclipse.cdt.core.CCorePlugin.mapCProjectOwner(CCorePlugin.java:885)
	... 20 more
07:45:48 ERROR : Failed to create application project
org.eclipse.core.runtime.CoreException: CDT Project already configured
	at com.xilinx.sdx.sdk.core.gen.StandaloneProjectHandler.createCoreApp(StandaloneProjectHandler.java:150)
	at com.xilinx.sdx.sdk.core.gen.AppCreationHandler.createApplication(AppCreationHandler.java:79)
	at com.xilinx.sdx.sdk.core.gen.AppCreationHandler.execute(AppCreationHandler.java:69)
	at com.xilinx.sdx.sdk.core.SdkAppCreationHandler.executeInternal(SdkAppCreationHandler.java:75)
	at com.xilinx.sdx.sdk.core.SdkAppCreationHandler.lambda$1(SdkAppCreationHandler.java:67)
	at org.eclipse.core.internal.resources.Workspace.run(Workspace.java:2292)
	at org.eclipse.core.internal.resources.Workspace.run(Workspace.java:2312)
	at com.xilinx.sdx.sdk.core.SdkAppCreationHandler.execute(SdkAppCreationHandler.java:66)
	at com.xilinx.sdx.npw.NewProjectCreationHandler.createApplicationProject(NewProjectCreationHandler.java:237)
	at com.xilinx.sdx.npw.NewProjectCreationHandler.internalExecute(NewProjectCreationHandler.java:382)
	at com.xilinx.sdx.npw.NewProjectCreationHandler$1.execute(NewProjectCreationHandler.java:100)
	at org.eclipse.ui.actions.WorkspaceModifyOperation.lambda$0(WorkspaceModifyOperation.java:110)
	at org.eclipse.core.internal.resources.Workspace.run(Workspace.java:2292)
	at org.eclipse.core.internal.resources.Workspace.run(Workspace.java:2317)
	at org.eclipse.ui.actions.WorkspaceModifyOperation.run(WorkspaceModifyOperation.java:131)
	at org.eclipse.jface.operation.ModalContext$ModalContextThread.run(ModalContext.java:122)
07:53:32 INFO  : Launching XSCT server: xsct.bat -n  -interactive C:\Users\JelleKomen\Documents\software\temp_xsdb_launch_script.tcl
07:53:34 INFO  : XSCT server has started successfully.
07:53:34 INFO  : plnx-install-location is set to ''
07:53:34 INFO  : Successfully done setting XSCT server connection channel  
07:53:34 INFO  : Successfully done setting workspace for the tool. 
07:53:35 INFO  : Registering command handlers for Vitis TCF services
07:53:35 INFO  : Platform repository initialization has completed.
07:53:36 INFO  : Successfully done query RDI_DATADIR 
07:54:26 INFO  : Result from executing command 'getProjects': pid_force_clamp
07:54:26 INFO  : Result from executing command 'getPlatforms': 
07:54:26 WARN  : An unexpected exception occurred in the module 'platform project logging'
07:54:26 INFO  : Platform 'pid_force_clamp' is added to custom repositories.
07:54:36 INFO  : Platform 'pid_force_clamp' is added to custom repositories.
07:56:24 INFO  : Result from executing command 'getProjects': pid_force_clamp
07:56:24 INFO  : Result from executing command 'getPlatforms': pid_force_clamp|C:/Users/JelleKomen/Documents/software/pid_force_clamp/export/pid_force_clamp/pid_force_clamp.xpfm
07:56:35 INFO  : Checking for BSP changes to sync application flags for project 'pid'...
07:56:40 INFO  : Checking for BSP changes to sync application flags for project 'pid'...
07:56:44 INFO  : Checking for BSP changes to sync application flags for project 'pid'...
09:01:27 INFO  : Connected to target on host '127.0.0.1' and port '3121'.
09:01:32 INFO  : Jtag cable 'Xilinx PYNQ-Z1 003017AEE3A6A' is selected.
09:01:36 INFO  : 'jtag frequency' command is executed.
09:01:36 INFO  : Context for 'APU' is selected.
09:01:36 INFO  : System reset is completed.
09:01:39 INFO  : 'after 3000' command is executed.
09:01:40 INFO  : 'targets -set -filter {jtag_cable_name =~ "Xilinx PYNQ-Z1 003017AEE3A6A" && level==0 && jtag_device_ctx=="jsn-Xilinx PYNQ-Z1-003017AEE3A6A-23727093-0"}' command is executed.
09:01:42 INFO  : Device configured successfully with "C:/Users/JelleKomen/Documents/software/pid/_ide/bitstream/pid_force_clamp.bit"
09:01:42 INFO  : Context for 'APU' is selected.
09:01:46 INFO  : Hardware design and registers information is loaded from 'C:/Users/JelleKomen/Documents/software/pid_force_clamp/export/pid_force_clamp/hw/pid_force_clamp.xsa'.
09:01:46 INFO  : 'configparams force-mem-access 1' command is executed.
09:01:46 INFO  : Context for 'APU' is selected.
09:01:46 INFO  : Sourcing of 'C:/Users/JelleKomen/Documents/software/pid/_ide/psinit/ps7_init.tcl' is done.
09:01:57 INFO  : 'ps7_init' command is executed.
09:01:57 INFO  : 'ps7_post_config' command is executed.
09:01:57 INFO  : Context for processor 'ps7_cortexa9_0' is selected.
09:02:05 INFO  : The application 'C:/Users/JelleKomen/Documents/software/pid/Debug/pid.elf' is downloaded to processor 'ps7_cortexa9_0'.
09:02:08 INFO  : 'configparams force-mem-access 0' command is executed.
09:02:08 INFO  : ----------------XSDB Script----------------
connect -url tcp:127.0.0.1:3121
targets -set -nocase -filter {name =~"APU*"}
rst -system
after 3000
targets -set -filter {jtag_cable_name =~ "Xilinx PYNQ-Z1 003017AEE3A6A" && level==0 && jtag_device_ctx=="jsn-Xilinx PYNQ-Z1-003017AEE3A6A-23727093-0"}
fpga -file C:/Users/JelleKomen/Documents/software/pid/_ide/bitstream/pid_force_clamp.bit
targets -set -nocase -filter {name =~"APU*"}
loadhw -hw C:/Users/JelleKomen/Documents/software/pid_force_clamp/export/pid_force_clamp/hw/pid_force_clamp.xsa -mem-ranges [list {0x40000000 0xbfffffff}] -regs
configparams force-mem-access 1
targets -set -nocase -filter {name =~"APU*"}
source C:/Users/JelleKomen/Documents/software/pid/_ide/psinit/ps7_init.tcl
ps7_init
ps7_post_config
targets -set -nocase -filter {name =~ "*A9*#0"}
dow C:/Users/JelleKomen/Documents/software/pid/Debug/pid.elf
configparams force-mem-access 0
----------------End of Script----------------

09:02:12 INFO  : Context for processor 'ps7_cortexa9_0' is selected.
09:02:16 INFO  : 'con' command is executed.
09:02:16 INFO  : ----------------XSDB Script (After Launch)----------------
targets -set -nocase -filter {name =~ "*A9*#0"}
con
----------------End of Script----------------

09:02:16 INFO  : Launch script is exported to file 'C:\Users\JelleKomen\Documents\software\pid_system\_ide\scripts\debugger_pid-default.tcl'
09:33:14 INFO  : Connected to target on host '127.0.0.1' and port '3121'.
09:33:15 INFO  : 'targets -set -filter {jtag_cable_name =~ "Xilinx PYNQ-Z1 003017AEE3A6A" && level==0 && jtag_device_ctx=="jsn-Xilinx PYNQ-Z1-003017AEE3A6A-23727093-0"}' command is executed.
09:33:21 INFO  : Device configured successfully with "C:/Users/JelleKomen/Documents/software/pid/_ide/bitstream/pid_force_clamp.bit"
09:36:20 INFO  : Result from executing command 'removePlatformRepo': 
09:36:43 INFO  : Result from executing command 'getProjects': pid_force_clamp
09:36:43 INFO  : Result from executing command 'getPlatforms': 
09:36:48 INFO  : Checking for BSP changes to sync application flags for project 'pid'...
09:37:00 INFO  : Checking for BSP changes to sync application flags for project 'pid'...
09:37:08 INFO  : Disconnected from the channel tcfchan#3.
09:37:10 INFO  : Connected to target on host '127.0.0.1' and port '3121'.
09:37:10 INFO  : Jtag cable 'Xilinx PYNQ-Z1 003017AEE3A6A' is selected.
09:37:14 INFO  : 'jtag frequency' command is executed.
09:37:14 INFO  : Context for 'APU' is selected.
09:37:14 INFO  : System reset is completed.
09:37:17 INFO  : 'after 3000' command is executed.
09:37:18 INFO  : 'targets -set -filter {jtag_cable_name =~ "Xilinx PYNQ-Z1 003017AEE3A6A" && level==0 && jtag_device_ctx=="jsn-Xilinx PYNQ-Z1-003017AEE3A6A-23727093-0"}' command is executed.
09:37:24 INFO  : Device configured successfully with "C:/Users/JelleKomen/Documents/software/pid/_ide/bitstream/pid_force_clamp.bit"
09:37:24 INFO  : Context for 'APU' is selected.
09:37:24 INFO  : Hardware design and registers information is loaded from 'C:/Users/JelleKomen/Documents/software/pid_force_clamp/export/pid_force_clamp/hw/pid_force_clamp.xsa'.
09:37:24 INFO  : 'configparams force-mem-access 1' command is executed.
09:37:24 INFO  : Context for 'APU' is selected.
09:37:24 INFO  : Sourcing of 'C:/Users/JelleKomen/Documents/software/pid/_ide/psinit/ps7_init.tcl' is done.
09:37:46 INFO  : 'ps7_init' command is executed.
09:37:50 INFO  : 'ps7_post_config' command is executed.
09:37:50 INFO  : Context for processor 'ps7_cortexa9_0' is selected.
09:37:54 INFO  : The application 'C:/Users/JelleKomen/Documents/software/pid/Debug/pid.elf' is downloaded to processor 'ps7_cortexa9_0'.
09:37:58 INFO  : 'configparams force-mem-access 0' command is executed.
09:37:58 INFO  : ----------------XSDB Script----------------
connect -url tcp:127.0.0.1:3121
targets -set -nocase -filter {name =~"APU*"}
rst -system
after 3000
targets -set -filter {jtag_cable_name =~ "Xilinx PYNQ-Z1 003017AEE3A6A" && level==0 && jtag_device_ctx=="jsn-Xilinx PYNQ-Z1-003017AEE3A6A-23727093-0"}
fpga -file C:/Users/JelleKomen/Documents/software/pid/_ide/bitstream/pid_force_clamp.bit
targets -set -nocase -filter {name =~"APU*"}
loadhw -hw C:/Users/JelleKomen/Documents/software/pid_force_clamp/export/pid_force_clamp/hw/pid_force_clamp.xsa -mem-ranges [list {0x40000000 0xbfffffff}] -regs
configparams force-mem-access 1
targets -set -nocase -filter {name =~"APU*"}
source C:/Users/JelleKomen/Documents/software/pid/_ide/psinit/ps7_init.tcl
ps7_init
ps7_post_config
targets -set -nocase -filter {name =~ "*A9*#0"}
dow C:/Users/JelleKomen/Documents/software/pid/Debug/pid.elf
configparams force-mem-access 0
----------------End of Script----------------

09:38:02 INFO  : Context for processor 'ps7_cortexa9_0' is selected.
09:38:05 INFO  : 'con' command is executed.
09:38:05 INFO  : ----------------XSDB Script (After Launch)----------------
targets -set -nocase -filter {name =~ "*A9*#0"}
con
----------------End of Script----------------

09:38:05 INFO  : Launch script is exported to file 'C:\Users\JelleKomen\Documents\software\pid_system\_ide\scripts\debugger_pid-default.tcl'
09:40:19 INFO  : Hardware specification for platform project 'pid_force_clamp' is updated.
09:40:30 INFO  : Result from executing command 'getProjects': pid_force_clamp
09:40:30 INFO  : Result from executing command 'getPlatforms': pid_force_clamp|C:/Users/JelleKomen/Documents/software/pid_force_clamp/export/pid_force_clamp/pid_force_clamp.xpfm
09:40:38 INFO  : Checking for BSP changes to sync application flags for project 'pid'...
09:40:41 INFO  : The hardware specification used by project 'pid' is out of sync with the platform. Resource files extracted from the hardware specification will be updated.
09:40:41 INFO  : The file 'C:\Users\JelleKomen\Documents\software\pid\_ide\bitstream\pid_force_clamp.bit' stored in project is removed.
09:40:41 INFO  : The updated bitstream files are copied from platform to folder 'C:\Users\JelleKomen\Documents\software\pid\_ide\bitstream' in project 'pid'.
09:40:41 INFO  : The file 'C:\Users\JelleKomen\Documents\software\pid\_ide\psinit\ps7_init.tcl' stored in project is removed.
09:40:48 INFO  : The updated ps init files are copied from platform to folder 'C:\Users\JelleKomen\Documents\software\pid\_ide\psinit' in project 'pid'.
09:40:54 INFO  : Result from executing command 'removePlatformRepo': 
09:41:16 INFO  : Result from executing command 'getProjects': pid_force_clamp
09:41:16 INFO  : Result from executing command 'getPlatforms': 
09:42:07 INFO  : Connected to target on host '127.0.0.1' and port '3121'.
09:42:10 INFO  : 'targets -set -filter {jtag_cable_name =~ "Xilinx PYNQ-Z1 003017AEE3A6A" && level==0 && jtag_device_ctx=="jsn-Xilinx PYNQ-Z1-003017AEE3A6A-23727093-0"}' command is executed.
09:42:16 INFO  : Device configured successfully with "C:/Users/JelleKomen/Documents/software/pid/_ide/bitstream/pid_force_clamp.bit"
09:56:14 INFO  : Hardware specification for platform project 'pid_force_clamp' is updated.
09:56:23 INFO  : Result from executing command 'removePlatformRepo': 
09:56:45 INFO  : Result from executing command 'getProjects': pid_force_clamp
09:56:45 INFO  : Result from executing command 'getPlatforms': 
09:56:49 INFO  : Checking for BSP changes to sync application flags for project 'pid'...
09:56:52 INFO  : The hardware specification used by project 'pid' is out of sync with the platform. Resource files extracted from the hardware specification will be updated.
09:56:52 INFO  : The file 'C:\Users\JelleKomen\Documents\software\pid\_ide\bitstream\pid_force_clamp.bit' stored in project is removed.
09:56:52 INFO  : The updated bitstream files are copied from platform to folder 'C:\Users\JelleKomen\Documents\software\pid\_ide\bitstream' in project 'pid'.
09:56:52 INFO  : The file 'C:\Users\JelleKomen\Documents\software\pid\_ide\psinit\ps7_init.tcl' stored in project is removed.
09:56:58 INFO  : The updated ps init files are copied from platform to folder 'C:\Users\JelleKomen\Documents\software\pid\_ide\psinit' in project 'pid'.
09:57:06 INFO  : Disconnected from the channel tcfchan#7.
09:57:11 INFO  : Connected to target on host '127.0.0.1' and port '3121'.
09:57:11 INFO  : Jtag cable 'Xilinx PYNQ-Z1 003017AEE3A6A' is selected.
09:57:15 INFO  : 'jtag frequency' command is executed.
09:57:15 INFO  : Context for 'APU' is selected.
09:57:15 INFO  : System reset is completed.
09:57:18 INFO  : 'after 3000' command is executed.
09:57:18 INFO  : 'targets -set -filter {jtag_cable_name =~ "Xilinx PYNQ-Z1 003017AEE3A6A" && level==0 && jtag_device_ctx=="jsn-Xilinx PYNQ-Z1-003017AEE3A6A-23727093-0"}' command is executed.
09:57:24 INFO  : Device configured successfully with "C:/Users/JelleKomen/Documents/software/pid/_ide/bitstream/pid_force_clamp.bit"
09:57:25 INFO  : Context for 'APU' is selected.
09:57:28 INFO  : Hardware design and registers information is loaded from 'C:/Users/JelleKomen/Documents/software/pid_force_clamp/export/pid_force_clamp/hw/pid_force_clamp.xsa'.
09:57:28 INFO  : 'configparams force-mem-access 1' command is executed.
09:57:28 INFO  : Context for 'APU' is selected.
09:57:28 INFO  : Sourcing of 'C:/Users/JelleKomen/Documents/software/pid/_ide/psinit/ps7_init.tcl' is done.
09:57:54 INFO  : 'ps7_init' command is executed.
09:57:54 INFO  : 'ps7_post_config' command is executed.
09:57:54 INFO  : Context for processor 'ps7_cortexa9_0' is selected.
09:57:58 INFO  : The application 'C:/Users/JelleKomen/Documents/software/pid/Debug/pid.elf' is downloaded to processor 'ps7_cortexa9_0'.
09:58:02 INFO  : 'configparams force-mem-access 0' command is executed.
09:58:02 INFO  : ----------------XSDB Script----------------
connect -url tcp:127.0.0.1:3121
targets -set -nocase -filter {name =~"APU*"}
rst -system
after 3000
targets -set -filter {jtag_cable_name =~ "Xilinx PYNQ-Z1 003017AEE3A6A" && level==0 && jtag_device_ctx=="jsn-Xilinx PYNQ-Z1-003017AEE3A6A-23727093-0"}
fpga -file C:/Users/JelleKomen/Documents/software/pid/_ide/bitstream/pid_force_clamp.bit
targets -set -nocase -filter {name =~"APU*"}
loadhw -hw C:/Users/JelleKomen/Documents/software/pid_force_clamp/export/pid_force_clamp/hw/pid_force_clamp.xsa -mem-ranges [list {0x40000000 0xbfffffff}] -regs
configparams force-mem-access 1
targets -set -nocase -filter {name =~"APU*"}
source C:/Users/JelleKomen/Documents/software/pid/_ide/psinit/ps7_init.tcl
ps7_init
ps7_post_config
targets -set -nocase -filter {name =~ "*A9*#0"}
dow C:/Users/JelleKomen/Documents/software/pid/Debug/pid.elf
configparams force-mem-access 0
----------------End of Script----------------

09:58:06 INFO  : Context for processor 'ps7_cortexa9_0' is selected.
09:58:10 INFO  : 'con' command is executed.
09:58:10 INFO  : ----------------XSDB Script (After Launch)----------------
targets -set -nocase -filter {name =~ "*A9*#0"}
con
----------------End of Script----------------

09:58:10 INFO  : Launch script is exported to file 'C:\Users\JelleKomen\Documents\software\pid_system\_ide\scripts\debugger_pid-default.tcl'
10:03:23 INFO  : Connected to target on host '127.0.0.1' and port '3121'.
10:03:25 INFO  : 'targets -set -filter {jtag_cable_name =~ "Xilinx PYNQ-Z1 003017AEE3A6A" && level==0 && jtag_device_ctx=="jsn-Xilinx PYNQ-Z1-003017AEE3A6A-23727093-0"}' command is executed.
10:03:31 INFO  : Device configured successfully with "C:/Users/JelleKomen/Documents/software/pid/_ide/bitstream/pid_force_clamp.bit"
10:03:49 INFO  : Disconnected from the channel tcfchan#15.
10:03:50 INFO  : Connected to target on host '127.0.0.1' and port '3121'.
10:03:50 INFO  : Jtag cable 'Xilinx PYNQ-Z1 003017AEE3A6A' is selected.
10:03:54 INFO  : 'jtag frequency' command is executed.
10:03:54 INFO  : Context for 'APU' is selected.
10:03:54 INFO  : System reset is completed.
10:03:57 INFO  : 'after 3000' command is executed.
10:03:58 INFO  : 'targets -set -filter {jtag_cable_name =~ "Xilinx PYNQ-Z1 003017AEE3A6A" && level==0 && jtag_device_ctx=="jsn-Xilinx PYNQ-Z1-003017AEE3A6A-23727093-0"}' command is executed.
10:04:04 INFO  : Device configured successfully with "C:/Users/JelleKomen/Documents/software/pid/_ide/bitstream/pid_force_clamp.bit"
10:04:04 INFO  : Context for 'APU' is selected.
10:04:04 INFO  : Hardware design and registers information is loaded from 'C:/Users/JelleKomen/Documents/software/pid_force_clamp/export/pid_force_clamp/hw/pid_force_clamp.xsa'.
10:04:04 INFO  : 'configparams force-mem-access 1' command is executed.
10:04:04 INFO  : Context for 'APU' is selected.
10:04:04 INFO  : Sourcing of 'C:/Users/JelleKomen/Documents/software/pid/_ide/psinit/ps7_init.tcl' is done.
10:04:34 INFO  : 'ps7_init' command is executed.
10:04:34 INFO  : 'ps7_post_config' command is executed.
10:04:38 INFO  : Context for processor 'ps7_cortexa9_0' is selected.
10:04:41 INFO  : The application 'C:/Users/JelleKomen/Documents/software/pid/Debug/pid.elf' is downloaded to processor 'ps7_cortexa9_0'.
10:04:45 INFO  : 'configparams force-mem-access 0' command is executed.
10:04:45 INFO  : ----------------XSDB Script----------------
connect -url tcp:127.0.0.1:3121
targets -set -nocase -filter {name =~"APU*"}
rst -system
after 3000
targets -set -filter {jtag_cable_name =~ "Xilinx PYNQ-Z1 003017AEE3A6A" && level==0 && jtag_device_ctx=="jsn-Xilinx PYNQ-Z1-003017AEE3A6A-23727093-0"}
fpga -file C:/Users/JelleKomen/Documents/software/pid/_ide/bitstream/pid_force_clamp.bit
targets -set -nocase -filter {name =~"APU*"}
loadhw -hw C:/Users/JelleKomen/Documents/software/pid_force_clamp/export/pid_force_clamp/hw/pid_force_clamp.xsa -mem-ranges [list {0x40000000 0xbfffffff}] -regs
configparams force-mem-access 1
targets -set -nocase -filter {name =~"APU*"}
source C:/Users/JelleKomen/Documents/software/pid/_ide/psinit/ps7_init.tcl
ps7_init
ps7_post_config
targets -set -nocase -filter {name =~ "*A9*#0"}
dow C:/Users/JelleKomen/Documents/software/pid/Debug/pid.elf
configparams force-mem-access 0
----------------End of Script----------------

10:04:49 INFO  : Context for processor 'ps7_cortexa9_0' is selected.
10:04:53 INFO  : 'con' command is executed.
10:04:53 INFO  : ----------------XSDB Script (After Launch)----------------
targets -set -nocase -filter {name =~ "*A9*#0"}
con
----------------End of Script----------------

10:04:53 INFO  : Launch script is exported to file 'C:\Users\JelleKomen\Documents\software\pid_system\_ide\scripts\debugger_pid-default.tcl'
10:23:19 INFO  : Hardware specification for platform project 'pid_force_clamp' is updated.
10:23:25 INFO  : Result from executing command 'getProjects': pid_force_clamp
10:23:25 INFO  : Result from executing command 'getPlatforms': pid_force_clamp|C:/Users/JelleKomen/Documents/software/pid_force_clamp/export/pid_force_clamp/pid_force_clamp.xpfm
10:23:37 INFO  : Disconnected from the channel tcfchan#16.
10:23:38 INFO  : The hardware specification used by project 'pid' is out of sync with the platform. Resource files extracted from the hardware specification will be updated.
10:23:38 INFO  : The file 'C:\Users\JelleKomen\Documents\software\pid\_ide\bitstream\pid_force_clamp.bit' stored in project is removed.
10:23:39 INFO  : The updated bitstream files are copied from platform to folder 'C:\Users\JelleKomen\Documents\software\pid\_ide\bitstream' in project 'pid'.
10:23:39 INFO  : The file 'C:\Users\JelleKomen\Documents\software\pid\_ide\psinit\ps7_init.tcl' stored in project is removed.
10:23:45 INFO  : The updated ps init files are copied from platform to folder 'C:\Users\JelleKomen\Documents\software\pid\_ide\psinit' in project 'pid'.
10:23:48 INFO  : Connected to target on host '127.0.0.1' and port '3121'.
10:23:48 INFO  : Jtag cable 'Xilinx PYNQ-Z1 003017AEE3A6A' is selected.
10:23:52 INFO  : 'jtag frequency' command is executed.
10:23:52 INFO  : Context for 'APU' is selected.
10:23:52 INFO  : System reset is completed.
10:23:55 INFO  : 'after 3000' command is executed.
10:23:56 INFO  : 'targets -set -filter {jtag_cable_name =~ "Xilinx PYNQ-Z1 003017AEE3A6A" && level==0 && jtag_device_ctx=="jsn-Xilinx PYNQ-Z1-003017AEE3A6A-23727093-0"}' command is executed.
10:24:02 INFO  : Device configured successfully with "C:/Users/JelleKomen/Documents/software/pid/_ide/bitstream/pid_force_clamp.bit"
10:24:02 INFO  : Context for 'APU' is selected.
10:24:06 INFO  : Hardware design and registers information is loaded from 'C:/Users/JelleKomen/Documents/software/pid_force_clamp/export/pid_force_clamp/hw/pid_force_clamp.xsa'.
10:24:06 INFO  : 'configparams force-mem-access 1' command is executed.
10:24:06 INFO  : Context for 'APU' is selected.
10:24:06 INFO  : Sourcing of 'C:/Users/JelleKomen/Documents/software/pid/_ide/psinit/ps7_init.tcl' is done.
10:24:17 INFO  : 'ps7_init' command is executed.
10:24:17 INFO  : 'ps7_post_config' command is executed.
10:24:21 INFO  : Context for processor 'ps7_cortexa9_0' is selected.
10:24:25 INFO  : The application 'C:/Users/JelleKomen/Documents/software/pid/Debug/pid.elf' is downloaded to processor 'ps7_cortexa9_0'.
10:24:28 INFO  : 'configparams force-mem-access 0' command is executed.
10:24:28 INFO  : ----------------XSDB Script----------------
connect -url tcp:127.0.0.1:3121
targets -set -nocase -filter {name =~"APU*"}
rst -system
after 3000
targets -set -filter {jtag_cable_name =~ "Xilinx PYNQ-Z1 003017AEE3A6A" && level==0 && jtag_device_ctx=="jsn-Xilinx PYNQ-Z1-003017AEE3A6A-23727093-0"}
fpga -file C:/Users/JelleKomen/Documents/software/pid/_ide/bitstream/pid_force_clamp.bit
targets -set -nocase -filter {name =~"APU*"}
loadhw -hw C:/Users/JelleKomen/Documents/software/pid_force_clamp/export/pid_force_clamp/hw/pid_force_clamp.xsa -mem-ranges [list {0x40000000 0xbfffffff}] -regs
configparams force-mem-access 1
targets -set -nocase -filter {name =~"APU*"}
source C:/Users/JelleKomen/Documents/software/pid/_ide/psinit/ps7_init.tcl
ps7_init
ps7_post_config
targets -set -nocase -filter {name =~ "*A9*#0"}
dow C:/Users/JelleKomen/Documents/software/pid/Debug/pid.elf
configparams force-mem-access 0
----------------End of Script----------------

10:24:32 INFO  : Context for processor 'ps7_cortexa9_0' is selected.
10:24:36 INFO  : 'con' command is executed.
10:24:36 INFO  : ----------------XSDB Script (After Launch)----------------
targets -set -nocase -filter {name =~ "*A9*#0"}
con
----------------End of Script----------------

10:24:36 INFO  : Launch script is exported to file 'C:\Users\JelleKomen\Documents\software\pid_system\_ide\scripts\debugger_pid-default.tcl'
10:51:11 INFO  : Disconnected from the channel tcfchan#18.
10:51:13 INFO  : Connected to target on host '127.0.0.1' and port '3121'.
10:51:13 INFO  : Jtag cable 'Xilinx PYNQ-Z1 003017AEE3A6A' is selected.
10:51:17 INFO  : 'jtag frequency' command is executed.
10:51:17 INFO  : Context for 'APU' is selected.
10:51:17 INFO  : System reset is completed.
10:51:20 INFO  : 'after 3000' command is executed.
10:51:20 INFO  : 'targets -set -filter {jtag_cable_name =~ "Xilinx PYNQ-Z1 003017AEE3A6A" && level==0 && jtag_device_ctx=="jsn-Xilinx PYNQ-Z1-003017AEE3A6A-23727093-0"}' command is executed.
10:51:26 INFO  : Device configured successfully with "C:/Users/JelleKomen/Documents/software/pid/_ide/bitstream/pid_force_clamp.bit"
10:51:26 INFO  : Context for 'APU' is selected.
10:51:30 INFO  : Hardware design and registers information is loaded from 'C:/Users/JelleKomen/Documents/software/pid_force_clamp/export/pid_force_clamp/hw/pid_force_clamp.xsa'.
10:51:30 INFO  : 'configparams force-mem-access 1' command is executed.
10:51:30 INFO  : Context for 'APU' is selected.
10:51:30 INFO  : Sourcing of 'C:/Users/JelleKomen/Documents/software/pid/_ide/psinit/ps7_init.tcl' is done.
10:52:08 INFO  : 'ps7_init' command is executed.
10:52:08 INFO  : 'ps7_post_config' command is executed.
10:52:08 INFO  : Context for processor 'ps7_cortexa9_0' is selected.
10:52:12 INFO  : The application 'C:/Users/JelleKomen/Documents/software/pid/Debug/pid.elf' is downloaded to processor 'ps7_cortexa9_0'.
10:52:15 INFO  : 'configparams force-mem-access 0' command is executed.
10:52:15 INFO  : ----------------XSDB Script----------------
connect -url tcp:127.0.0.1:3121
targets -set -nocase -filter {name =~"APU*"}
rst -system
after 3000
targets -set -filter {jtag_cable_name =~ "Xilinx PYNQ-Z1 003017AEE3A6A" && level==0 && jtag_device_ctx=="jsn-Xilinx PYNQ-Z1-003017AEE3A6A-23727093-0"}
fpga -file C:/Users/JelleKomen/Documents/software/pid/_ide/bitstream/pid_force_clamp.bit
targets -set -nocase -filter {name =~"APU*"}
loadhw -hw C:/Users/JelleKomen/Documents/software/pid_force_clamp/export/pid_force_clamp/hw/pid_force_clamp.xsa -mem-ranges [list {0x40000000 0xbfffffff}] -regs
configparams force-mem-access 1
targets -set -nocase -filter {name =~"APU*"}
source C:/Users/JelleKomen/Documents/software/pid/_ide/psinit/ps7_init.tcl
ps7_init
ps7_post_config
targets -set -nocase -filter {name =~ "*A9*#0"}
dow C:/Users/JelleKomen/Documents/software/pid/Debug/pid.elf
configparams force-mem-access 0
----------------End of Script----------------

10:52:19 INFO  : Context for processor 'ps7_cortexa9_0' is selected.
10:52:23 INFO  : 'con' command is executed.
10:52:23 INFO  : ----------------XSDB Script (After Launch)----------------
targets -set -nocase -filter {name =~ "*A9*#0"}
con
----------------End of Script----------------

10:52:23 INFO  : Launch script is exported to file 'C:\Users\JelleKomen\Documents\software\pid_system\_ide\scripts\debugger_pid-default.tcl'
10:56:59 INFO  : Disconnected from the channel tcfchan#19.
10:57:01 INFO  : Connected to target on host '127.0.0.1' and port '3121'.
10:57:01 INFO  : Jtag cable 'Xilinx PYNQ-Z1 003017AEE3A6A' is selected.
10:57:05 INFO  : 'jtag frequency' command is executed.
10:57:05 INFO  : Context for 'APU' is selected.
10:57:05 INFO  : System reset is completed.
10:57:08 INFO  : 'after 3000' command is executed.
10:57:09 INFO  : 'targets -set -filter {jtag_cable_name =~ "Xilinx PYNQ-Z1 003017AEE3A6A" && level==0 && jtag_device_ctx=="jsn-Xilinx PYNQ-Z1-003017AEE3A6A-23727093-0"}' command is executed.
10:57:15 INFO  : Device configured successfully with "C:/Users/JelleKomen/Documents/software/pid/_ide/bitstream/pid_force_clamp.bit"
10:57:15 INFO  : Context for 'APU' is selected.
10:57:19 INFO  : Hardware design and registers information is loaded from 'C:/Users/JelleKomen/Documents/software/pid_force_clamp/export/pid_force_clamp/hw/pid_force_clamp.xsa'.
10:57:19 INFO  : 'configparams force-mem-access 1' command is executed.
10:57:19 INFO  : Context for 'APU' is selected.
10:57:19 INFO  : Sourcing of 'C:/Users/JelleKomen/Documents/software/pid/_ide/psinit/ps7_init.tcl' is done.
10:58:00 INFO  : 'ps7_init' command is executed.
10:58:00 INFO  : 'ps7_post_config' command is executed.
10:58:00 INFO  : Context for processor 'ps7_cortexa9_0' is selected.
10:58:08 INFO  : The application 'C:/Users/JelleKomen/Documents/software/pid/Debug/pid.elf' is downloaded to processor 'ps7_cortexa9_0'.
10:58:11 INFO  : 'configparams force-mem-access 0' command is executed.
10:58:11 INFO  : ----------------XSDB Script----------------
connect -url tcp:127.0.0.1:3121
targets -set -nocase -filter {name =~"APU*"}
rst -system
after 3000
targets -set -filter {jtag_cable_name =~ "Xilinx PYNQ-Z1 003017AEE3A6A" && level==0 && jtag_device_ctx=="jsn-Xilinx PYNQ-Z1-003017AEE3A6A-23727093-0"}
fpga -file C:/Users/JelleKomen/Documents/software/pid/_ide/bitstream/pid_force_clamp.bit
targets -set -nocase -filter {name =~"APU*"}
loadhw -hw C:/Users/JelleKomen/Documents/software/pid_force_clamp/export/pid_force_clamp/hw/pid_force_clamp.xsa -mem-ranges [list {0x40000000 0xbfffffff}] -regs
configparams force-mem-access 1
targets -set -nocase -filter {name =~"APU*"}
source C:/Users/JelleKomen/Documents/software/pid/_ide/psinit/ps7_init.tcl
ps7_init
ps7_post_config
targets -set -nocase -filter {name =~ "*A9*#0"}
dow C:/Users/JelleKomen/Documents/software/pid/Debug/pid.elf
configparams force-mem-access 0
----------------End of Script----------------

10:58:15 INFO  : Context for processor 'ps7_cortexa9_0' is selected.
10:58:19 INFO  : 'con' command is executed.
10:58:19 INFO  : ----------------XSDB Script (After Launch)----------------
targets -set -nocase -filter {name =~ "*A9*#0"}
con
----------------End of Script----------------

10:58:19 INFO  : Launch script is exported to file 'C:\Users\JelleKomen\Documents\software\pid_system\_ide\scripts\debugger_pid-default.tcl'
11:48:21 INFO  : Disconnected from the channel tcfchan#20.
11:48:22 INFO  : Connected to target on host '127.0.0.1' and port '3121'.
11:48:23 INFO  : Jtag cable 'Xilinx PYNQ-Z1 003017AEE3A6A' is selected.
11:48:26 INFO  : 'jtag frequency' command is executed.
11:48:26 INFO  : Context for 'APU' is selected.
11:48:26 INFO  : System reset is completed.
11:48:29 INFO  : 'after 3000' command is executed.
11:48:30 INFO  : 'targets -set -filter {jtag_cable_name =~ "Xilinx PYNQ-Z1 003017AEE3A6A" && level==0 && jtag_device_ctx=="jsn-Xilinx PYNQ-Z1-003017AEE3A6A-23727093-0"}' command is executed.
11:48:36 INFO  : Device configured successfully with "C:/Users/JelleKomen/Documents/software/pid/_ide/bitstream/pid_force_clamp.bit"
11:48:36 INFO  : Context for 'APU' is selected.
11:48:40 INFO  : Hardware design and registers information is loaded from 'C:/Users/JelleKomen/Documents/software/pid_force_clamp/export/pid_force_clamp/hw/pid_force_clamp.xsa'.
11:48:40 INFO  : 'configparams force-mem-access 1' command is executed.
11:48:40 INFO  : Context for 'APU' is selected.
11:48:40 INFO  : Sourcing of 'C:/Users/JelleKomen/Documents/software/pid/_ide/psinit/ps7_init.tcl' is done.
11:49:03 INFO  : 'ps7_init' command is executed.
11:49:06 INFO  : 'ps7_post_config' command is executed.
11:49:06 INFO  : Context for processor 'ps7_cortexa9_0' is selected.
11:49:14 INFO  : The application 'C:/Users/JelleKomen/Documents/software/pid/Debug/pid.elf' is downloaded to processor 'ps7_cortexa9_0'.
11:49:18 INFO  : 'configparams force-mem-access 0' command is executed.
11:49:18 INFO  : ----------------XSDB Script----------------
connect -url tcp:127.0.0.1:3121
targets -set -nocase -filter {name =~"APU*"}
rst -system
after 3000
targets -set -filter {jtag_cable_name =~ "Xilinx PYNQ-Z1 003017AEE3A6A" && level==0 && jtag_device_ctx=="jsn-Xilinx PYNQ-Z1-003017AEE3A6A-23727093-0"}
fpga -file C:/Users/JelleKomen/Documents/software/pid/_ide/bitstream/pid_force_clamp.bit
targets -set -nocase -filter {name =~"APU*"}
loadhw -hw C:/Users/JelleKomen/Documents/software/pid_force_clamp/export/pid_force_clamp/hw/pid_force_clamp.xsa -mem-ranges [list {0x40000000 0xbfffffff}] -regs
configparams force-mem-access 1
targets -set -nocase -filter {name =~"APU*"}
source C:/Users/JelleKomen/Documents/software/pid/_ide/psinit/ps7_init.tcl
ps7_init
ps7_post_config
targets -set -nocase -filter {name =~ "*A9*#0"}
dow C:/Users/JelleKomen/Documents/software/pid/Debug/pid.elf
configparams force-mem-access 0
----------------End of Script----------------

11:49:21 INFO  : Context for processor 'ps7_cortexa9_0' is selected.
11:49:25 INFO  : 'con' command is executed.
11:49:25 INFO  : ----------------XSDB Script (After Launch)----------------
targets -set -nocase -filter {name =~ "*A9*#0"}
con
----------------End of Script----------------

11:49:25 INFO  : Launch script is exported to file 'C:\Users\JelleKomen\Documents\software\pid_system\_ide\scripts\debugger_pid-default.tcl'
11:54:20 INFO  : Disconnected from the channel tcfchan#21.
11:54:22 INFO  : Connected to target on host '127.0.0.1' and port '3121'.
11:54:22 INFO  : Jtag cable 'Xilinx PYNQ-Z1 003017AEE3A6A' is selected.
11:54:26 INFO  : 'jtag frequency' command is executed.
11:54:26 INFO  : Context for 'APU' is selected.
11:54:26 INFO  : System reset is completed.
11:54:29 INFO  : 'after 3000' command is executed.
11:54:30 INFO  : 'targets -set -filter {jtag_cable_name =~ "Xilinx PYNQ-Z1 003017AEE3A6A" && level==0 && jtag_device_ctx=="jsn-Xilinx PYNQ-Z1-003017AEE3A6A-23727093-0"}' command is executed.
11:54:36 INFO  : Device configured successfully with "C:/Users/JelleKomen/Documents/software/pid/_ide/bitstream/pid_force_clamp.bit"
11:54:36 INFO  : Context for 'APU' is selected.
11:54:36 INFO  : Hardware design and registers information is loaded from 'C:/Users/JelleKomen/Documents/software/pid_force_clamp/export/pid_force_clamp/hw/pid_force_clamp.xsa'.
11:54:36 INFO  : 'configparams force-mem-access 1' command is executed.
11:54:40 INFO  : Context for 'APU' is selected.
11:54:40 INFO  : Sourcing of 'C:/Users/JelleKomen/Documents/software/pid/_ide/psinit/ps7_init.tcl' is done.
11:55:25 INFO  : 'ps7_init' command is executed.
11:55:25 INFO  : 'ps7_post_config' command is executed.
11:55:25 INFO  : Context for processor 'ps7_cortexa9_0' is selected.
11:55:32 INFO  : The application 'C:/Users/JelleKomen/Documents/software/pid/Debug/pid.elf' is downloaded to processor 'ps7_cortexa9_0'.
11:55:36 INFO  : 'configparams force-mem-access 0' command is executed.
11:55:36 INFO  : ----------------XSDB Script----------------
connect -url tcp:127.0.0.1:3121
targets -set -nocase -filter {name =~"APU*"}
rst -system
after 3000
targets -set -filter {jtag_cable_name =~ "Xilinx PYNQ-Z1 003017AEE3A6A" && level==0 && jtag_device_ctx=="jsn-Xilinx PYNQ-Z1-003017AEE3A6A-23727093-0"}
fpga -file C:/Users/JelleKomen/Documents/software/pid/_ide/bitstream/pid_force_clamp.bit
targets -set -nocase -filter {name =~"APU*"}
loadhw -hw C:/Users/JelleKomen/Documents/software/pid_force_clamp/export/pid_force_clamp/hw/pid_force_clamp.xsa -mem-ranges [list {0x40000000 0xbfffffff}] -regs
configparams force-mem-access 1
targets -set -nocase -filter {name =~"APU*"}
source C:/Users/JelleKomen/Documents/software/pid/_ide/psinit/ps7_init.tcl
ps7_init
ps7_post_config
targets -set -nocase -filter {name =~ "*A9*#0"}
dow C:/Users/JelleKomen/Documents/software/pid/Debug/pid.elf
configparams force-mem-access 0
----------------End of Script----------------

11:55:40 INFO  : Context for processor 'ps7_cortexa9_0' is selected.
11:55:44 INFO  : 'con' command is executed.
11:55:44 INFO  : ----------------XSDB Script (After Launch)----------------
targets -set -nocase -filter {name =~ "*A9*#0"}
con
----------------End of Script----------------

11:55:44 INFO  : Launch script is exported to file 'C:\Users\JelleKomen\Documents\software\pid_system\_ide\scripts\debugger_pid-default.tcl'
11:56:43 INFO  : Disconnected from the channel tcfchan#22.
11:56:47 INFO  : Connected to target on host '127.0.0.1' and port '3121'.
11:56:47 INFO  : Jtag cable 'Xilinx PYNQ-Z1 003017AEE3A6A' is selected.
11:56:51 INFO  : 'jtag frequency' command is executed.
11:56:51 INFO  : Context for 'APU' is selected.
11:56:51 INFO  : System reset is completed.
11:56:54 INFO  : 'after 3000' command is executed.
11:56:55 INFO  : 'targets -set -filter {jtag_cable_name =~ "Xilinx PYNQ-Z1 003017AEE3A6A" && level==0 && jtag_device_ctx=="jsn-Xilinx PYNQ-Z1-003017AEE3A6A-23727093-0"}' command is executed.
11:57:01 INFO  : Device configured successfully with "C:/Users/JelleKomen/Documents/software/pid/_ide/bitstream/pid_force_clamp.bit"
11:57:01 INFO  : Context for 'APU' is selected.
11:57:05 INFO  : Hardware design and registers information is loaded from 'C:/Users/JelleKomen/Documents/software/pid_force_clamp/export/pid_force_clamp/hw/pid_force_clamp.xsa'.
11:57:05 INFO  : 'configparams force-mem-access 1' command is executed.
11:57:05 INFO  : Context for 'APU' is selected.
11:57:05 INFO  : Sourcing of 'C:/Users/JelleKomen/Documents/software/pid/_ide/psinit/ps7_init.tcl' is done.
11:57:38 INFO  : 'ps7_init' command is executed.
11:57:38 INFO  : 'ps7_post_config' command is executed.
11:57:38 INFO  : Context for processor 'ps7_cortexa9_0' is selected.
11:57:46 INFO  : The application 'C:/Users/JelleKomen/Documents/software/pid/Debug/pid.elf' is downloaded to processor 'ps7_cortexa9_0'.
11:57:50 INFO  : 'configparams force-mem-access 0' command is executed.
11:57:50 INFO  : ----------------XSDB Script----------------
connect -url tcp:127.0.0.1:3121
targets -set -nocase -filter {name =~"APU*"}
rst -system
after 3000
targets -set -filter {jtag_cable_name =~ "Xilinx PYNQ-Z1 003017AEE3A6A" && level==0 && jtag_device_ctx=="jsn-Xilinx PYNQ-Z1-003017AEE3A6A-23727093-0"}
fpga -file C:/Users/JelleKomen/Documents/software/pid/_ide/bitstream/pid_force_clamp.bit
targets -set -nocase -filter {name =~"APU*"}
loadhw -hw C:/Users/JelleKomen/Documents/software/pid_force_clamp/export/pid_force_clamp/hw/pid_force_clamp.xsa -mem-ranges [list {0x40000000 0xbfffffff}] -regs
configparams force-mem-access 1
targets -set -nocase -filter {name =~"APU*"}
source C:/Users/JelleKomen/Documents/software/pid/_ide/psinit/ps7_init.tcl
ps7_init
ps7_post_config
targets -set -nocase -filter {name =~ "*A9*#0"}
dow C:/Users/JelleKomen/Documents/software/pid/Debug/pid.elf
configparams force-mem-access 0
----------------End of Script----------------

11:57:54 INFO  : Context for processor 'ps7_cortexa9_0' is selected.
11:57:57 INFO  : 'con' command is executed.
11:57:57 INFO  : ----------------XSDB Script (After Launch)----------------
targets -set -nocase -filter {name =~ "*A9*#0"}
con
----------------End of Script----------------

11:57:57 INFO  : Launch script is exported to file 'C:\Users\JelleKomen\Documents\software\pid_system\_ide\scripts\debugger_pid-default.tcl'
12:00:36 INFO  : Disconnected from the channel tcfchan#23.
12:00:36 INFO  : Connected to target on host '127.0.0.1' and port '3121'.
12:00:36 INFO  : Jtag cable 'Xilinx PYNQ-Z1 003017AEE3A6A' is selected.
12:00:40 INFO  : 'jtag frequency' command is executed.
12:00:40 INFO  : Context for 'APU' is selected.
12:00:40 INFO  : System reset is completed.
12:00:43 INFO  : 'after 3000' command is executed.
12:00:44 INFO  : 'targets -set -filter {jtag_cable_name =~ "Xilinx PYNQ-Z1 003017AEE3A6A" && level==0 && jtag_device_ctx=="jsn-Xilinx PYNQ-Z1-003017AEE3A6A-23727093-0"}' command is executed.
12:00:46 INFO  : Device configured successfully with "C:/Users/JelleKomen/Documents/software/pid/_ide/bitstream/pid_force_clamp.bit"
12:00:46 INFO  : Context for 'APU' is selected.
12:00:50 INFO  : Hardware design and registers information is loaded from 'C:/Users/JelleKomen/Documents/software/pid_force_clamp/export/pid_force_clamp/hw/pid_force_clamp.xsa'.
12:00:50 INFO  : 'configparams force-mem-access 1' command is executed.
12:00:50 INFO  : Context for 'APU' is selected.
12:00:50 INFO  : Sourcing of 'C:/Users/JelleKomen/Documents/software/pid/_ide/psinit/ps7_init.tcl' is done.
12:01:24 INFO  : 'ps7_init' command is executed.
12:01:27 INFO  : 'ps7_post_config' command is executed.
12:01:27 INFO  : Context for processor 'ps7_cortexa9_0' is selected.
12:01:35 INFO  : The application 'C:/Users/JelleKomen/Documents/software/pid/Debug/pid.elf' is downloaded to processor 'ps7_cortexa9_0'.
12:01:39 INFO  : 'configparams force-mem-access 0' command is executed.
12:01:39 INFO  : ----------------XSDB Script----------------
connect -url tcp:127.0.0.1:3121
targets -set -nocase -filter {name =~"APU*"}
rst -system
after 3000
targets -set -filter {jtag_cable_name =~ "Xilinx PYNQ-Z1 003017AEE3A6A" && level==0 && jtag_device_ctx=="jsn-Xilinx PYNQ-Z1-003017AEE3A6A-23727093-0"}
fpga -file C:/Users/JelleKomen/Documents/software/pid/_ide/bitstream/pid_force_clamp.bit
targets -set -nocase -filter {name =~"APU*"}
loadhw -hw C:/Users/JelleKomen/Documents/software/pid_force_clamp/export/pid_force_clamp/hw/pid_force_clamp.xsa -mem-ranges [list {0x40000000 0xbfffffff}] -regs
configparams force-mem-access 1
targets -set -nocase -filter {name =~"APU*"}
source C:/Users/JelleKomen/Documents/software/pid/_ide/psinit/ps7_init.tcl
ps7_init
ps7_post_config
targets -set -nocase -filter {name =~ "*A9*#0"}
dow C:/Users/JelleKomen/Documents/software/pid/Debug/pid.elf
configparams force-mem-access 0
----------------End of Script----------------

12:01:42 INFO  : Context for processor 'ps7_cortexa9_0' is selected.
12:01:46 INFO  : 'con' command is executed.
12:01:46 INFO  : ----------------XSDB Script (After Launch)----------------
targets -set -nocase -filter {name =~ "*A9*#0"}
con
----------------End of Script----------------

12:01:46 INFO  : Launch script is exported to file 'C:\Users\JelleKomen\Documents\software\pid_system\_ide\scripts\debugger_pid-default.tcl'
12:48:36 INFO  : Hardware specification for platform project 'pid_force_clamp' is updated.
12:48:43 INFO  : Result from executing command 'getProjects': pid_force_clamp
12:48:43 INFO  : Result from executing command 'getPlatforms': pid_force_clamp|C:/Users/JelleKomen/Documents/software/pid_force_clamp/export/pid_force_clamp/pid_force_clamp.xpfm
12:48:58 INFO  : Disconnected from the channel tcfchan#24.
12:48:59 INFO  : The hardware specification used by project 'pid' is out of sync with the platform. Resource files extracted from the hardware specification will be updated.
12:48:59 INFO  : The file 'C:\Users\JelleKomen\Documents\software\pid\_ide\bitstream\pid_force_clamp.bit' stored in project is removed.
12:48:59 INFO  : The updated bitstream files are copied from platform to folder 'C:\Users\JelleKomen\Documents\software\pid\_ide\bitstream' in project 'pid'.
12:48:59 INFO  : The file 'C:\Users\JelleKomen\Documents\software\pid\_ide\psinit\ps7_init.tcl' stored in project is removed.
12:49:05 INFO  : The updated ps init files are copied from platform to folder 'C:\Users\JelleKomen\Documents\software\pid\_ide\psinit' in project 'pid'.
12:49:08 INFO  : Connected to target on host '127.0.0.1' and port '3121'.
12:49:08 INFO  : Jtag cable 'Xilinx PYNQ-Z1 003017AEE3A6A' is selected.
12:49:12 INFO  : 'jtag frequency' command is executed.
12:49:12 INFO  : Context for 'APU' is selected.
12:49:12 INFO  : System reset is completed.
12:49:15 INFO  : 'after 3000' command is executed.
12:49:16 INFO  : 'targets -set -filter {jtag_cable_name =~ "Xilinx PYNQ-Z1 003017AEE3A6A" && level==0 && jtag_device_ctx=="jsn-Xilinx PYNQ-Z1-003017AEE3A6A-23727093-0"}' command is executed.
12:49:22 INFO  : Device configured successfully with "C:/Users/JelleKomen/Documents/software/pid/_ide/bitstream/pid_force_clamp.bit"
12:49:22 INFO  : Context for 'APU' is selected.
12:49:26 INFO  : Hardware design and registers information is loaded from 'C:/Users/JelleKomen/Documents/software/pid_force_clamp/export/pid_force_clamp/hw/pid_force_clamp.xsa'.
12:49:26 INFO  : 'configparams force-mem-access 1' command is executed.
12:49:26 INFO  : Context for 'APU' is selected.
12:49:26 INFO  : Sourcing of 'C:/Users/JelleKomen/Documents/software/pid/_ide/psinit/ps7_init.tcl' is done.
12:49:59 INFO  : 'ps7_init' command is executed.
12:49:59 INFO  : 'ps7_post_config' command is executed.
12:49:59 INFO  : Context for processor 'ps7_cortexa9_0' is selected.
12:50:07 INFO  : The application 'C:/Users/JelleKomen/Documents/software/pid/Debug/pid.elf' is downloaded to processor 'ps7_cortexa9_0'.
12:50:11 INFO  : 'configparams force-mem-access 0' command is executed.
12:50:11 INFO  : ----------------XSDB Script----------------
connect -url tcp:127.0.0.1:3121
targets -set -nocase -filter {name =~"APU*"}
rst -system
after 3000
targets -set -filter {jtag_cable_name =~ "Xilinx PYNQ-Z1 003017AEE3A6A" && level==0 && jtag_device_ctx=="jsn-Xilinx PYNQ-Z1-003017AEE3A6A-23727093-0"}
fpga -file C:/Users/JelleKomen/Documents/software/pid/_ide/bitstream/pid_force_clamp.bit
targets -set -nocase -filter {name =~"APU*"}
loadhw -hw C:/Users/JelleKomen/Documents/software/pid_force_clamp/export/pid_force_clamp/hw/pid_force_clamp.xsa -mem-ranges [list {0x40000000 0xbfffffff}] -regs
configparams force-mem-access 1
targets -set -nocase -filter {name =~"APU*"}
source C:/Users/JelleKomen/Documents/software/pid/_ide/psinit/ps7_init.tcl
ps7_init
ps7_post_config
targets -set -nocase -filter {name =~ "*A9*#0"}
dow C:/Users/JelleKomen/Documents/software/pid/Debug/pid.elf
configparams force-mem-access 0
----------------End of Script----------------

12:50:15 INFO  : Context for processor 'ps7_cortexa9_0' is selected.
12:50:18 INFO  : 'con' command is executed.
12:50:18 INFO  : ----------------XSDB Script (After Launch)----------------
targets -set -nocase -filter {name =~ "*A9*#0"}
con
----------------End of Script----------------

12:50:18 INFO  : Launch script is exported to file 'C:\Users\JelleKomen\Documents\software\pid_system\_ide\scripts\debugger_pid-default.tcl'
12:52:20 INFO  : Disconnected from the channel tcfchan#26.
12:52:22 INFO  : Connected to target on host '127.0.0.1' and port '3121'.
12:52:22 INFO  : Jtag cable 'Xilinx PYNQ-Z1 003017AEE3A6A' is selected.
12:52:26 INFO  : 'jtag frequency' command is executed.
12:52:26 INFO  : Context for 'APU' is selected.
12:52:26 INFO  : System reset is completed.
12:52:29 INFO  : 'after 3000' command is executed.
12:52:30 INFO  : 'targets -set -filter {jtag_cable_name =~ "Xilinx PYNQ-Z1 003017AEE3A6A" && level==0 && jtag_device_ctx=="jsn-Xilinx PYNQ-Z1-003017AEE3A6A-23727093-0"}' command is executed.
12:52:36 INFO  : Device configured successfully with "C:/Users/JelleKomen/Documents/software/pid/_ide/bitstream/pid_force_clamp.bit"
12:52:36 INFO  : Context for 'APU' is selected.
12:52:36 INFO  : Hardware design and registers information is loaded from 'C:/Users/JelleKomen/Documents/software/pid_force_clamp/export/pid_force_clamp/hw/pid_force_clamp.xsa'.
12:52:36 INFO  : 'configparams force-mem-access 1' command is executed.
12:52:36 INFO  : Context for 'APU' is selected.
12:52:36 INFO  : Sourcing of 'C:/Users/JelleKomen/Documents/software/pid/_ide/psinit/ps7_init.tcl' is done.
12:53:06 INFO  : 'ps7_init' command is executed.
12:53:10 INFO  : 'ps7_post_config' command is executed.
12:53:10 INFO  : Context for processor 'ps7_cortexa9_0' is selected.
12:53:17 INFO  : The application 'C:/Users/JelleKomen/Documents/software/pid/Debug/pid.elf' is downloaded to processor 'ps7_cortexa9_0'.
12:53:21 INFO  : 'configparams force-mem-access 0' command is executed.
12:53:21 INFO  : ----------------XSDB Script----------------
connect -url tcp:127.0.0.1:3121
targets -set -nocase -filter {name =~"APU*"}
rst -system
after 3000
targets -set -filter {jtag_cable_name =~ "Xilinx PYNQ-Z1 003017AEE3A6A" && level==0 && jtag_device_ctx=="jsn-Xilinx PYNQ-Z1-003017AEE3A6A-23727093-0"}
fpga -file C:/Users/JelleKomen/Documents/software/pid/_ide/bitstream/pid_force_clamp.bit
targets -set -nocase -filter {name =~"APU*"}
loadhw -hw C:/Users/JelleKomen/Documents/software/pid_force_clamp/export/pid_force_clamp/hw/pid_force_clamp.xsa -mem-ranges [list {0x40000000 0xbfffffff}] -regs
configparams force-mem-access 1
targets -set -nocase -filter {name =~"APU*"}
source C:/Users/JelleKomen/Documents/software/pid/_ide/psinit/ps7_init.tcl
ps7_init
ps7_post_config
targets -set -nocase -filter {name =~ "*A9*#0"}
dow C:/Users/JelleKomen/Documents/software/pid/Debug/pid.elf
configparams force-mem-access 0
----------------End of Script----------------

12:53:25 INFO  : Context for processor 'ps7_cortexa9_0' is selected.
12:53:29 INFO  : 'con' command is executed.
12:53:29 INFO  : ----------------XSDB Script (After Launch)----------------
targets -set -nocase -filter {name =~ "*A9*#0"}
con
----------------End of Script----------------

12:53:29 INFO  : Launch script is exported to file 'C:\Users\JelleKomen\Documents\software\pid_system\_ide\scripts\debugger_pid-default.tcl'
13:45:32 INFO  : Disconnected from the channel tcfchan#27.
13:45:34 INFO  : Connected to target on host '127.0.0.1' and port '3121'.
13:45:34 INFO  : Jtag cable 'Xilinx PYNQ-Z1 003017AEE3A6A' is selected.
13:45:38 INFO  : 'jtag frequency' command is executed.
13:45:38 INFO  : Context for 'APU' is selected.
13:45:38 INFO  : System reset is completed.
13:45:41 INFO  : 'after 3000' command is executed.
13:45:42 INFO  : 'targets -set -filter {jtag_cable_name =~ "Xilinx PYNQ-Z1 003017AEE3A6A" && level==0 && jtag_device_ctx=="jsn-Xilinx PYNQ-Z1-003017AEE3A6A-23727093-0"}' command is executed.
13:45:48 INFO  : Device configured successfully with "C:/Users/JelleKomen/Documents/software/pid/_ide/bitstream/pid_force_clamp.bit"
13:45:48 INFO  : Context for 'APU' is selected.
13:45:48 INFO  : Hardware design and registers information is loaded from 'C:/Users/JelleKomen/Documents/software/pid_force_clamp/export/pid_force_clamp/hw/pid_force_clamp.xsa'.
13:45:48 INFO  : 'configparams force-mem-access 1' command is executed.
13:45:48 INFO  : Context for 'APU' is selected.
13:45:48 INFO  : Sourcing of 'C:/Users/JelleKomen/Documents/software/pid/_ide/psinit/ps7_init.tcl' is done.
13:46:18 INFO  : 'ps7_init' command is executed.
13:46:18 INFO  : 'ps7_post_config' command is executed.
13:46:18 INFO  : Context for processor 'ps7_cortexa9_0' is selected.
13:46:22 INFO  : The application 'C:/Users/JelleKomen/Documents/software/pid/Debug/pid.elf' is downloaded to processor 'ps7_cortexa9_0'.
13:46:25 INFO  : 'configparams force-mem-access 0' command is executed.
13:46:25 INFO  : ----------------XSDB Script----------------
connect -url tcp:127.0.0.1:3121
targets -set -nocase -filter {name =~"APU*"}
rst -system
after 3000
targets -set -filter {jtag_cable_name =~ "Xilinx PYNQ-Z1 003017AEE3A6A" && level==0 && jtag_device_ctx=="jsn-Xilinx PYNQ-Z1-003017AEE3A6A-23727093-0"}
fpga -file C:/Users/JelleKomen/Documents/software/pid/_ide/bitstream/pid_force_clamp.bit
targets -set -nocase -filter {name =~"APU*"}
loadhw -hw C:/Users/JelleKomen/Documents/software/pid_force_clamp/export/pid_force_clamp/hw/pid_force_clamp.xsa -mem-ranges [list {0x40000000 0xbfffffff}] -regs
configparams force-mem-access 1
targets -set -nocase -filter {name =~"APU*"}
source C:/Users/JelleKomen/Documents/software/pid/_ide/psinit/ps7_init.tcl
ps7_init
ps7_post_config
targets -set -nocase -filter {name =~ "*A9*#0"}
dow C:/Users/JelleKomen/Documents/software/pid/Debug/pid.elf
configparams force-mem-access 0
----------------End of Script----------------

13:46:29 INFO  : Context for processor 'ps7_cortexa9_0' is selected.
13:46:33 INFO  : 'con' command is executed.
13:46:33 INFO  : ----------------XSDB Script (After Launch)----------------
targets -set -nocase -filter {name =~ "*A9*#0"}
con
----------------End of Script----------------

13:46:33 INFO  : Launch script is exported to file 'C:\Users\JelleKomen\Documents\software\pid_system\_ide\scripts\debugger_pid-default.tcl'
15:33:35 INFO  : Disconnected from the channel tcfchan#28.
15:33:40 INFO  : Connected to target on host '127.0.0.1' and port '3121'.
15:33:40 INFO  : Jtag cable 'Xilinx PYNQ-Z1 003017AEE3A6A' is selected.
15:33:44 INFO  : 'jtag frequency' command is executed.
15:33:44 INFO  : Context for 'APU' is selected.
15:33:44 INFO  : System reset is completed.
15:33:47 INFO  : 'after 3000' command is executed.
15:33:48 INFO  : 'targets -set -filter {jtag_cable_name =~ "Xilinx PYNQ-Z1 003017AEE3A6A" && level==0 && jtag_device_ctx=="jsn-Xilinx PYNQ-Z1-003017AEE3A6A-23727093-0"}' command is executed.
15:33:54 INFO  : Device configured successfully with "C:/Users/JelleKomen/Documents/software/pid/_ide/bitstream/pid_force_clamp.bit"
15:33:54 INFO  : Context for 'APU' is selected.
15:33:54 INFO  : Hardware design and registers information is loaded from 'C:/Users/JelleKomen/Documents/software/pid_force_clamp/export/pid_force_clamp/hw/pid_force_clamp.xsa'.
15:33:54 INFO  : 'configparams force-mem-access 1' command is executed.
15:33:54 INFO  : Context for 'APU' is selected.
15:33:54 INFO  : Sourcing of 'C:/Users/JelleKomen/Documents/software/pid/_ide/psinit/ps7_init.tcl' is done.
15:34:09 INFO  : 'ps7_init' command is executed.
15:34:09 INFO  : 'ps7_post_config' command is executed.
15:34:09 INFO  : Context for processor 'ps7_cortexa9_0' is selected.
15:34:16 INFO  : The application 'C:/Users/JelleKomen/Documents/software/pid/Debug/pid.elf' is downloaded to processor 'ps7_cortexa9_0'.
15:34:20 INFO  : 'configparams force-mem-access 0' command is executed.
15:34:20 INFO  : ----------------XSDB Script----------------
connect -url tcp:127.0.0.1:3121
targets -set -nocase -filter {name =~"APU*"}
rst -system
after 3000
targets -set -filter {jtag_cable_name =~ "Xilinx PYNQ-Z1 003017AEE3A6A" && level==0 && jtag_device_ctx=="jsn-Xilinx PYNQ-Z1-003017AEE3A6A-23727093-0"}
fpga -file C:/Users/JelleKomen/Documents/software/pid/_ide/bitstream/pid_force_clamp.bit
targets -set -nocase -filter {name =~"APU*"}
loadhw -hw C:/Users/JelleKomen/Documents/software/pid_force_clamp/export/pid_force_clamp/hw/pid_force_clamp.xsa -mem-ranges [list {0x40000000 0xbfffffff}] -regs
configparams force-mem-access 1
targets -set -nocase -filter {name =~"APU*"}
source C:/Users/JelleKomen/Documents/software/pid/_ide/psinit/ps7_init.tcl
ps7_init
ps7_post_config
targets -set -nocase -filter {name =~ "*A9*#0"}
dow C:/Users/JelleKomen/Documents/software/pid/Debug/pid.elf
configparams force-mem-access 0
----------------End of Script----------------

15:34:24 INFO  : Context for processor 'ps7_cortexa9_0' is selected.
15:34:28 INFO  : 'con' command is executed.
15:34:28 INFO  : ----------------XSDB Script (After Launch)----------------
targets -set -nocase -filter {name =~ "*A9*#0"}
con
----------------End of Script----------------

15:34:28 INFO  : Launch script is exported to file 'C:\Users\JelleKomen\Documents\software\pid_system\_ide\scripts\debugger_pid-default.tcl'
15:56:58 INFO  : Disconnected from the channel tcfchan#29.
15:57:01 INFO  : Connected to target on host '127.0.0.1' and port '3121'.
15:57:02 INFO  : Jtag cable 'Xilinx PYNQ-Z1 003017AEE3A6A' is selected.
15:57:05 INFO  : 'jtag frequency' command is executed.
15:57:05 INFO  : Context for 'APU' is selected.
15:57:05 INFO  : System reset is completed.
15:57:08 INFO  : 'after 3000' command is executed.
15:57:09 INFO  : 'targets -set -filter {jtag_cable_name =~ "Xilinx PYNQ-Z1 003017AEE3A6A" && level==0 && jtag_device_ctx=="jsn-Xilinx PYNQ-Z1-003017AEE3A6A-23727093-0"}' command is executed.
15:57:15 INFO  : Device configured successfully with "C:/Users/JelleKomen/Documents/software/pid/_ide/bitstream/pid_force_clamp.bit"
15:57:15 INFO  : Context for 'APU' is selected.
15:57:15 INFO  : Hardware design and registers information is loaded from 'C:/Users/JelleKomen/Documents/software/pid_force_clamp/export/pid_force_clamp/hw/pid_force_clamp.xsa'.
15:57:15 INFO  : 'configparams force-mem-access 1' command is executed.
15:57:15 INFO  : Context for 'APU' is selected.
15:57:15 INFO  : Sourcing of 'C:/Users/JelleKomen/Documents/software/pid/_ide/psinit/ps7_init.tcl' is done.
15:57:45 INFO  : 'ps7_init' command is executed.
15:57:45 INFO  : 'ps7_post_config' command is executed.
15:57:49 INFO  : Context for processor 'ps7_cortexa9_0' is selected.
15:57:53 INFO  : The application 'C:/Users/JelleKomen/Documents/software/pid/Debug/pid.elf' is downloaded to processor 'ps7_cortexa9_0'.
15:57:56 INFO  : 'configparams force-mem-access 0' command is executed.
15:57:56 INFO  : ----------------XSDB Script----------------
connect -url tcp:127.0.0.1:3121
targets -set -nocase -filter {name =~"APU*"}
rst -system
after 3000
targets -set -filter {jtag_cable_name =~ "Xilinx PYNQ-Z1 003017AEE3A6A" && level==0 && jtag_device_ctx=="jsn-Xilinx PYNQ-Z1-003017AEE3A6A-23727093-0"}
fpga -file C:/Users/JelleKomen/Documents/software/pid/_ide/bitstream/pid_force_clamp.bit
targets -set -nocase -filter {name =~"APU*"}
loadhw -hw C:/Users/JelleKomen/Documents/software/pid_force_clamp/export/pid_force_clamp/hw/pid_force_clamp.xsa -mem-ranges [list {0x40000000 0xbfffffff}] -regs
configparams force-mem-access 1
targets -set -nocase -filter {name =~"APU*"}
source C:/Users/JelleKomen/Documents/software/pid/_ide/psinit/ps7_init.tcl
ps7_init
ps7_post_config
targets -set -nocase -filter {name =~ "*A9*#0"}
dow C:/Users/JelleKomen/Documents/software/pid/Debug/pid.elf
configparams force-mem-access 0
----------------End of Script----------------

15:58:00 INFO  : Context for processor 'ps7_cortexa9_0' is selected.
15:58:04 INFO  : 'con' command is executed.
15:58:04 INFO  : ----------------XSDB Script (After Launch)----------------
targets -set -nocase -filter {name =~ "*A9*#0"}
con
----------------End of Script----------------

15:58:04 INFO  : Launch script is exported to file 'C:\Users\JelleKomen\Documents\software\pid_system\_ide\scripts\debugger_pid-default.tcl'
15:59:33 INFO  : Disconnected from the channel tcfchan#30.
15:59:38 INFO  : Connected to target on host '127.0.0.1' and port '3121'.
15:59:47 INFO  : ----------------XSDB Script----------------
connect -url tcp:127.0.0.1:3121
----------------End of Script----------------

15:59:47 ERROR : Could not find ARM device on the board for connection 'Local'.
Check if the target is in:
1. Split JTAG - No operations are possible with ARM DAP.
2. Non JTAG bootmode - Bootrom may need time to enable DAP.
Please try again.


Troubleshooting hints:
1. Check whether board is connected to system properly.
2. In case of zynq board, check whether Digilent/Xilinx cable switch settings are correct.
3. If you are using Xilinx Platform Cable USB, ensure that status LED is green.
16:00:16 INFO  : Connected to target on host '127.0.0.1' and port '3121'.
16:00:19 INFO  : Jtag cable 'Xilinx PYNQ-Z1 003017AEE3A6A' is selected.
16:00:23 INFO  : 'jtag frequency' command is executed.
16:00:23 INFO  : Context for 'APU' is selected.
16:00:23 INFO  : System reset is completed.
16:00:26 INFO  : 'after 3000' command is executed.
16:00:27 INFO  : 'targets -set -filter {jtag_cable_name =~ "Xilinx PYNQ-Z1 003017AEE3A6A" && level==0 && jtag_device_ctx=="jsn-Xilinx PYNQ-Z1-003017AEE3A6A-23727093-0"}' command is executed.
16:00:29 INFO  : Device configured successfully with "C:/Users/JelleKomen/Documents/software/pid/_ide/bitstream/pid_force_clamp.bit"
16:00:29 INFO  : Context for 'APU' is selected.
16:00:29 INFO  : Hardware design and registers information is loaded from 'C:/Users/JelleKomen/Documents/software/pid_force_clamp/export/pid_force_clamp/hw/pid_force_clamp.xsa'.
16:00:29 INFO  : 'configparams force-mem-access 1' command is executed.
16:00:29 INFO  : Context for 'APU' is selected.
16:00:29 INFO  : Sourcing of 'C:/Users/JelleKomen/Documents/software/pid/_ide/psinit/ps7_init.tcl' is done.
16:00:59 INFO  : 'ps7_init' command is executed.
16:00:59 INFO  : 'ps7_post_config' command is executed.
16:00:59 INFO  : Context for processor 'ps7_cortexa9_0' is selected.
16:01:03 INFO  : The application 'C:/Users/JelleKomen/Documents/software/pid/Debug/pid.elf' is downloaded to processor 'ps7_cortexa9_0'.
16:01:07 INFO  : 'configparams force-mem-access 0' command is executed.
16:01:07 INFO  : ----------------XSDB Script----------------
connect -url tcp:127.0.0.1:3121
targets -set -nocase -filter {name =~"APU*"}
rst -system
after 3000
targets -set -filter {jtag_cable_name =~ "Xilinx PYNQ-Z1 003017AEE3A6A" && level==0 && jtag_device_ctx=="jsn-Xilinx PYNQ-Z1-003017AEE3A6A-23727093-0"}
fpga -file C:/Users/JelleKomen/Documents/software/pid/_ide/bitstream/pid_force_clamp.bit
targets -set -nocase -filter {name =~"APU*"}
loadhw -hw C:/Users/JelleKomen/Documents/software/pid_force_clamp/export/pid_force_clamp/hw/pid_force_clamp.xsa -mem-ranges [list {0x40000000 0xbfffffff}] -regs
configparams force-mem-access 1
targets -set -nocase -filter {name =~"APU*"}
source C:/Users/JelleKomen/Documents/software/pid/_ide/psinit/ps7_init.tcl
ps7_init
ps7_post_config
targets -set -nocase -filter {name =~ "*A9*#0"}
dow C:/Users/JelleKomen/Documents/software/pid/Debug/pid.elf
configparams force-mem-access 0
----------------End of Script----------------

16:01:11 INFO  : Context for processor 'ps7_cortexa9_0' is selected.
16:01:14 INFO  : 'con' command is executed.
16:01:14 INFO  : ----------------XSDB Script (After Launch)----------------
targets -set -nocase -filter {name =~ "*A9*#0"}
con
----------------End of Script----------------

16:01:14 INFO  : Launch script is exported to file 'C:\Users\JelleKomen\Documents\software\pid_system\_ide\scripts\debugger_pid-default.tcl'
16:02:25 INFO  : Disconnected from the channel tcfchan#31.
16:02:29 INFO  : Connected to target on host '127.0.0.1' and port '3121'.
16:02:29 INFO  : Jtag cable 'Xilinx PYNQ-Z1 003017AEE3A6A' is selected.
16:02:33 INFO  : 'jtag frequency' command is executed.
16:02:33 INFO  : Context for 'APU' is selected.
16:02:33 INFO  : System reset is completed.
16:02:36 INFO  : 'after 3000' command is executed.
16:02:37 INFO  : 'targets -set -filter {jtag_cable_name =~ "Xilinx PYNQ-Z1 003017AEE3A6A" && level==0 && jtag_device_ctx=="jsn-Xilinx PYNQ-Z1-003017AEE3A6A-23727093-0"}' command is executed.
16:02:43 INFO  : Device configured successfully with "C:/Users/JelleKomen/Documents/software/pid/_ide/bitstream/pid_force_clamp.bit"
16:02:43 INFO  : Context for 'APU' is selected.
16:02:43 INFO  : Hardware design and registers information is loaded from 'C:/Users/JelleKomen/Documents/software/pid_force_clamp/export/pid_force_clamp/hw/pid_force_clamp.xsa'.
16:02:43 INFO  : 'configparams force-mem-access 1' command is executed.
16:02:43 INFO  : Context for 'APU' is selected.
16:02:43 INFO  : Sourcing of 'C:/Users/JelleKomen/Documents/software/pid/_ide/psinit/ps7_init.tcl' is done.
16:02:58 INFO  : 'ps7_init' command is executed.
16:02:58 INFO  : 'ps7_post_config' command is executed.
16:02:58 INFO  : Context for processor 'ps7_cortexa9_0' is selected.
16:03:02 INFO  : The application 'C:/Users/JelleKomen/Documents/software/pid/Debug/pid.elf' is downloaded to processor 'ps7_cortexa9_0'.
16:03:06 INFO  : 'configparams force-mem-access 0' command is executed.
16:03:06 INFO  : ----------------XSDB Script----------------
connect -url tcp:127.0.0.1:3121
targets -set -nocase -filter {name =~"APU*"}
rst -system
after 3000
targets -set -filter {jtag_cable_name =~ "Xilinx PYNQ-Z1 003017AEE3A6A" && level==0 && jtag_device_ctx=="jsn-Xilinx PYNQ-Z1-003017AEE3A6A-23727093-0"}
fpga -file C:/Users/JelleKomen/Documents/software/pid/_ide/bitstream/pid_force_clamp.bit
targets -set -nocase -filter {name =~"APU*"}
loadhw -hw C:/Users/JelleKomen/Documents/software/pid_force_clamp/export/pid_force_clamp/hw/pid_force_clamp.xsa -mem-ranges [list {0x40000000 0xbfffffff}] -regs
configparams force-mem-access 1
targets -set -nocase -filter {name =~"APU*"}
source C:/Users/JelleKomen/Documents/software/pid/_ide/psinit/ps7_init.tcl
ps7_init
ps7_post_config
targets -set -nocase -filter {name =~ "*A9*#0"}
dow C:/Users/JelleKomen/Documents/software/pid/Debug/pid.elf
configparams force-mem-access 0
----------------End of Script----------------

16:03:09 INFO  : Context for processor 'ps7_cortexa9_0' is selected.
16:03:13 INFO  : 'con' command is executed.
16:03:13 INFO  : ----------------XSDB Script (After Launch)----------------
targets -set -nocase -filter {name =~ "*A9*#0"}
con
----------------End of Script----------------

16:03:13 INFO  : Launch script is exported to file 'C:\Users\JelleKomen\Documents\software\pid_system\_ide\scripts\debugger_pid-default.tcl'
16:30:45 INFO  : Disconnected from the channel tcfchan#32.
16:30:47 INFO  : Connected to target on host '127.0.0.1' and port '3121'.
16:30:47 INFO  : Jtag cable 'Xilinx PYNQ-Z1 003017AEE3A6A' is selected.
16:30:51 INFO  : 'jtag frequency' command is executed.
16:30:51 INFO  : Context for 'APU' is selected.
16:30:51 INFO  : System reset is completed.
16:30:54 INFO  : 'after 3000' command is executed.
16:30:55 INFO  : 'targets -set -filter {jtag_cable_name =~ "Xilinx PYNQ-Z1 003017AEE3A6A" && level==0 && jtag_device_ctx=="jsn-Xilinx PYNQ-Z1-003017AEE3A6A-23727093-0"}' command is executed.
16:31:01 INFO  : Device configured successfully with "C:/Users/JelleKomen/Documents/software/pid/_ide/bitstream/pid_force_clamp.bit"
16:31:01 INFO  : Context for 'APU' is selected.
16:31:01 INFO  : Hardware design and registers information is loaded from 'C:/Users/JelleKomen/Documents/software/pid_force_clamp/export/pid_force_clamp/hw/pid_force_clamp.xsa'.
16:31:01 INFO  : 'configparams force-mem-access 1' command is executed.
16:31:01 INFO  : Context for 'APU' is selected.
16:31:01 INFO  : Sourcing of 'C:/Users/JelleKomen/Documents/software/pid/_ide/psinit/ps7_init.tcl' is done.
16:31:27 INFO  : 'ps7_init' command is executed.
16:31:27 INFO  : 'ps7_post_config' command is executed.
16:31:27 INFO  : Context for processor 'ps7_cortexa9_0' is selected.
16:31:35 INFO  : The application 'C:/Users/JelleKomen/Documents/software/pid/Debug/pid.elf' is downloaded to processor 'ps7_cortexa9_0'.
16:31:38 INFO  : 'configparams force-mem-access 0' command is executed.
16:31:38 INFO  : ----------------XSDB Script----------------
connect -url tcp:127.0.0.1:3121
targets -set -nocase -filter {name =~"APU*"}
rst -system
after 3000
targets -set -filter {jtag_cable_name =~ "Xilinx PYNQ-Z1 003017AEE3A6A" && level==0 && jtag_device_ctx=="jsn-Xilinx PYNQ-Z1-003017AEE3A6A-23727093-0"}
fpga -file C:/Users/JelleKomen/Documents/software/pid/_ide/bitstream/pid_force_clamp.bit
targets -set -nocase -filter {name =~"APU*"}
loadhw -hw C:/Users/JelleKomen/Documents/software/pid_force_clamp/export/pid_force_clamp/hw/pid_force_clamp.xsa -mem-ranges [list {0x40000000 0xbfffffff}] -regs
configparams force-mem-access 1
targets -set -nocase -filter {name =~"APU*"}
source C:/Users/JelleKomen/Documents/software/pid/_ide/psinit/ps7_init.tcl
ps7_init
ps7_post_config
targets -set -nocase -filter {name =~ "*A9*#0"}
dow C:/Users/JelleKomen/Documents/software/pid/Debug/pid.elf
configparams force-mem-access 0
----------------End of Script----------------

16:31:42 INFO  : Context for processor 'ps7_cortexa9_0' is selected.
16:31:46 INFO  : 'con' command is executed.
16:31:46 INFO  : ----------------XSDB Script (After Launch)----------------
targets -set -nocase -filter {name =~ "*A9*#0"}
con
----------------End of Script----------------

16:31:46 INFO  : Launch script is exported to file 'C:\Users\JelleKomen\Documents\software\pid_system\_ide\scripts\debugger_pid-default.tcl'
16:46:18 INFO  : Disconnected from the channel tcfchan#33.
16:46:22 INFO  : Connected to target on host '127.0.0.1' and port '3121'.
16:46:22 INFO  : Jtag cable 'Xilinx PYNQ-Z1 003017AEE3A6A' is selected.
16:46:26 INFO  : 'jtag frequency' command is executed.
16:46:26 INFO  : Context for 'APU' is selected.
16:46:26 INFO  : System reset is completed.
16:46:29 INFO  : 'after 3000' command is executed.
16:46:29 INFO  : 'targets -set -filter {jtag_cable_name =~ "Xilinx PYNQ-Z1 003017AEE3A6A" && level==0 && jtag_device_ctx=="jsn-Xilinx PYNQ-Z1-003017AEE3A6A-23727093-0"}' command is executed.
16:46:32 INFO  : Device configured successfully with "C:/Users/JelleKomen/Documents/software/pid/_ide/bitstream/pid_force_clamp.bit"
16:46:32 INFO  : Context for 'APU' is selected.
16:46:32 INFO  : Hardware design and registers information is loaded from 'C:/Users/JelleKomen/Documents/software/pid_force_clamp/export/pid_force_clamp/hw/pid_force_clamp.xsa'.
16:46:32 INFO  : 'configparams force-mem-access 1' command is executed.
16:46:32 INFO  : Context for 'APU' is selected.
16:46:32 INFO  : Sourcing of 'C:/Users/JelleKomen/Documents/software/pid/_ide/psinit/ps7_init.tcl' is done.
16:46:54 INFO  : 'ps7_init' command is executed.
16:46:54 INFO  : 'ps7_post_config' command is executed.
16:46:54 INFO  : Context for processor 'ps7_cortexa9_0' is selected.
16:46:58 INFO  : The application 'C:/Users/JelleKomen/Documents/software/pid/Debug/pid.elf' is downloaded to processor 'ps7_cortexa9_0'.
16:47:02 INFO  : 'configparams force-mem-access 0' command is executed.
16:47:02 INFO  : ----------------XSDB Script----------------
connect -url tcp:127.0.0.1:3121
targets -set -nocase -filter {name =~"APU*"}
rst -system
after 3000
targets -set -filter {jtag_cable_name =~ "Xilinx PYNQ-Z1 003017AEE3A6A" && level==0 && jtag_device_ctx=="jsn-Xilinx PYNQ-Z1-003017AEE3A6A-23727093-0"}
fpga -file C:/Users/JelleKomen/Documents/software/pid/_ide/bitstream/pid_force_clamp.bit
targets -set -nocase -filter {name =~"APU*"}
loadhw -hw C:/Users/JelleKomen/Documents/software/pid_force_clamp/export/pid_force_clamp/hw/pid_force_clamp.xsa -mem-ranges [list {0x40000000 0xbfffffff}] -regs
configparams force-mem-access 1
targets -set -nocase -filter {name =~"APU*"}
source C:/Users/JelleKomen/Documents/software/pid/_ide/psinit/ps7_init.tcl
ps7_init
ps7_post_config
targets -set -nocase -filter {name =~ "*A9*#0"}
dow C:/Users/JelleKomen/Documents/software/pid/Debug/pid.elf
configparams force-mem-access 0
----------------End of Script----------------

16:47:06 INFO  : Context for processor 'ps7_cortexa9_0' is selected.
16:47:09 INFO  : 'con' command is executed.
16:47:09 INFO  : ----------------XSDB Script (After Launch)----------------
targets -set -nocase -filter {name =~ "*A9*#0"}
con
----------------End of Script----------------

16:47:09 INFO  : Launch script is exported to file 'C:\Users\JelleKomen\Documents\software\pid_system\_ide\scripts\debugger_pid-default.tcl'
16:47:25 INFO  : Disconnected from the channel tcfchan#34.
16:47:28 INFO  : Connected to target on host '127.0.0.1' and port '3121'.
16:47:32 INFO  : Jtag cable 'Xilinx PYNQ-Z1 003017AEE3A6A' is selected.
16:47:36 INFO  : 'jtag frequency' command is executed.
16:47:36 INFO  : Context for 'APU' is selected.
16:47:36 INFO  : System reset is completed.
16:47:39 INFO  : 'after 3000' command is executed.
16:47:39 INFO  : 'targets -set -filter {jtag_cable_name =~ "Xilinx PYNQ-Z1 003017AEE3A6A" && level==0 && jtag_device_ctx=="jsn-Xilinx PYNQ-Z1-003017AEE3A6A-23727093-0"}' command is executed.
16:47:45 INFO  : Device configured successfully with "C:/Users/JelleKomen/Documents/software/pid/_ide/bitstream/pid_force_clamp.bit"
16:47:45 INFO  : Context for 'APU' is selected.
16:47:45 INFO  : Hardware design and registers information is loaded from 'C:/Users/JelleKomen/Documents/software/pid_force_clamp/export/pid_force_clamp/hw/pid_force_clamp.xsa'.
16:47:45 INFO  : 'configparams force-mem-access 1' command is executed.
16:47:45 INFO  : Context for 'APU' is selected.
16:47:45 INFO  : Sourcing of 'C:/Users/JelleKomen/Documents/software/pid/_ide/psinit/ps7_init.tcl' is done.
16:48:04 INFO  : 'ps7_init' command is executed.
16:48:04 INFO  : 'ps7_post_config' command is executed.
16:48:04 INFO  : Context for processor 'ps7_cortexa9_0' is selected.
16:48:08 INFO  : The application 'C:/Users/JelleKomen/Documents/software/pid/Debug/pid.elf' is downloaded to processor 'ps7_cortexa9_0'.
16:48:12 INFO  : 'configparams force-mem-access 0' command is executed.
16:48:12 INFO  : ----------------XSDB Script----------------
connect -url tcp:127.0.0.1:3121
targets -set -nocase -filter {name =~"APU*"}
rst -system
after 3000
targets -set -filter {jtag_cable_name =~ "Xilinx PYNQ-Z1 003017AEE3A6A" && level==0 && jtag_device_ctx=="jsn-Xilinx PYNQ-Z1-003017AEE3A6A-23727093-0"}
fpga -file C:/Users/JelleKomen/Documents/software/pid/_ide/bitstream/pid_force_clamp.bit
targets -set -nocase -filter {name =~"APU*"}
loadhw -hw C:/Users/JelleKomen/Documents/software/pid_force_clamp/export/pid_force_clamp/hw/pid_force_clamp.xsa -mem-ranges [list {0x40000000 0xbfffffff}] -regs
configparams force-mem-access 1
targets -set -nocase -filter {name =~"APU*"}
source C:/Users/JelleKomen/Documents/software/pid/_ide/psinit/ps7_init.tcl
ps7_init
ps7_post_config
targets -set -nocase -filter {name =~ "*A9*#0"}
dow C:/Users/JelleKomen/Documents/software/pid/Debug/pid.elf
configparams force-mem-access 0
----------------End of Script----------------

16:48:16 INFO  : Context for processor 'ps7_cortexa9_0' is selected.
16:48:19 INFO  : 'con' command is executed.
16:48:19 INFO  : ----------------XSDB Script (After Launch)----------------
targets -set -nocase -filter {name =~ "*A9*#0"}
con
----------------End of Script----------------

16:48:19 INFO  : Launch script is exported to file 'C:\Users\JelleKomen\Documents\software\pid_system\_ide\scripts\debugger_pid-default.tcl'
